<?xml version="1.0" encoding="UTF-8" ?>
<testsuites>
 <testsuite name="Exception loading: /Users/ozan/code/big-surface/src/utils.js" timestamp="2014-09-07T23:10:03" hostname="localhost" time="0.003" errors="0" tests="1" skipped="0" failures="1">
  <testcase classname="Exception loading: /Users/ozan/code/big-surface/src/utils.js" name="Error" time="0">
   <failure type="exception" message="ReferenceError: window is not defined"><![CDATA[ReferenceError: window is not defined
    at Object.<anonymous> (/Users/ozan/code/big-surface/src/utils.js:9:222)
    at Module._compile (module.js:456:26)
    at Object.Module._extensions..js (/Users/ozan/code/big-surface/node_modules/boilerplate-gulp/node_modules/gulp-istanbul/node_modules/istanbul/lib/hook.js:99:20)
    at Module.load (module.js:356:32)
    at Function.Module._load (module.js:312:12)
    at Module.require (module.js:364:17)
    at require (module.js:380:17)
    at Object.exports.executeSpecs (/Users/ozan/code/big-surface/node_modules/boilerplate-gulp/node_modules/gulp-jasmine/node_modules/minijasminenode2/lib/index.js:213:7)
    at Transform._flush (/Users/ozan/code/big-surface/node_modules/boilerplate-gulp/node_modules/gulp-jasmine/index.js:40:19)
    at Transform.<anonymous> (/Users/ozan/code/big-surface/node_modules/boilerplate-gulp/node_modules/gulp-jasmine/node_modules/through2/node_modules/readable-stream/lib/_stream_transform.js:135:12)]]>
   </failure>
   <failure type="exception" message="ReferenceError: window is not defined"><![CDATA[ReferenceError: window is not defined
    at Object.<anonymous> (/Users/ozan/code/big-surface/src/utils.js:9:222)
    at Module._compile (module.js:456:26)
    at Object.Module._extensions..js (/Users/ozan/code/big-surface/node_modules/boilerplate-gulp/node_modules/gulp-istanbul/node_modules/istanbul/lib/hook.js:99:20)
    at Module.load (module.js:356:32)
    at Function.Module._load (module.js:312:12)
    at Module.require (module.js:364:17)
    at require (module.js:380:17)
    at Object.exports.executeSpecs (/Users/ozan/code/big-surface/node_modules/boilerplate-gulp/node_modules/gulp-jasmine/node_modules/minijasminenode2/lib/index.js:213:7)
    at Transform._flush (/Users/ozan/code/big-surface/node_modules/boilerplate-gulp/node_modules/gulp-jasmine/index.js:40:19)
    at Transform.<anonymous> (/Users/ozan/code/big-surface/node_modules/boilerplate-gulp/node_modules/gulp-jasmine/node_modules/through2/node_modules/readable-stream/lib/_stream_transform.js:135:12)]]>
   </failure>
  </testcase>
 </testsuite>
</testsuites>